Arguments: 
  /home/edwin/.local/opt/n/bin/node /usr/share/yarn/bin/yarn.js add dev:scrape2

PATH: 
  /home/edwin/.local/go-path/bin:/home/edwin/.local/bin:/home/edwin/.krew/bin:/home/edwin/.local/go-path/bin:/snap/bin:/home/edwin/.local/share/.cargo/bin:/home/edwin/.poetry/bin:/home/edwin/.local/share/yarn/global/node_modules/.bin:/home/edwin/.local/opt/n/bin:/home/edwin/.local/go-path/bin:/home/edwin/.local/bin:/home/edwin/.krew/bin:/home/edwin/.local/go-path/bin:/snap/bin:/home/edwin/.local/share/.cargo/bin:/home/edwin/.poetry/bin:/home/edwin/.local/share/yarn/global/node_modules/.bin:/home/edwin/.local/opt/n/bin:/home/edwin/.local/bin:/home/edwin/.krew/bin:/home/edwin/.local/go-path/bin:/snap/bin:/home/edwin/.local/share/.cargo/bin:/home/edwin/.poetry/bin:/home/edwin/.local/share/yarn/global/node_modules/.bin:/home/edwin/.local/opt/n/bin:/usr/local/sbin:/usr/local/bin:/usr/sbin:/usr/bin:/sbin:/bin:/usr/games:/usr/local/games:/snap/bin

Yarn version: 
  1.21.1

Node version: 
  13.6.0

Platform: 
  linux x64

Trace: 
  Error: dev:scrape2: Invalid protocol: dev:
      at Request.module.exports.Request.init (/usr/share/yarn/lib/cli.js:140934:31)
      at new Request (/usr/share/yarn/lib/cli.js:140607:8)
      at request (/usr/share/yarn/lib/cli.js:137513:10)
      at RequestManager.execute (/usr/share/yarn/lib/cli.js:66999:15)
      at RequestManager.shiftQueue (/usr/share/yarn/lib/cli.js:67037:10)
      at /usr/share/yarn/lib/cli.js:66716:13
      at new Promise (<anonymous>)
      at new F (/usr/share/yarn/lib/cli.js:5301:28)
      at RequestManager.request (/usr/share/yarn/lib/cli.js:66714:19)
      at NpmRegistry.<anonymous> (/usr/share/yarn/lib/cli.js:31704:42)

npm manifest: 
  {
    "name": "crawl",
    "private": true,
    "version": "0.1.0",
    "main": "index.js",
    "license": "GPL-2.9",
    "scripts": {
      "dev:scrape1": "nodemon scraper",
      "dev:scrape2": "ndoemon -r esm getCourseLinks",
      "scrape1": "node scraper",
      "scrape2": "node -r esm getCourseLinks"
    },
    "dependencies": {
      "esm": "^3.2.25",
      "parse5": "^5.1.1",
      "parse5-traverse": "^1.0.3"
    }
  }

yarn manifest: 
  No manifest

Lockfile: 
  # THIS IS AN AUTOGENERATED FILE. DO NOT EDIT THIS FILE DIRECTLY.
  # yarn lockfile v1
  
  
  esm@^3.2.25:
    version "3.2.25"
    resolved "https://registry.yarnpkg.com/esm/-/esm-3.2.25.tgz#342c18c29d56157688ba5ce31f8431fbb795cc10"
    integrity sha512-U1suiZ2oDVWv4zPO56S0NcR5QriEahGtdN2OR6FiOG4WJvcjBVFB0qI4+eKoWFH483PKGuLuu6V8Z4T5g63UVA==
  
  parse5-traverse@^1.0.3:
    version "1.0.3"
    resolved "https://registry.yarnpkg.com/parse5-traverse/-/parse5-traverse-1.0.3.tgz#e912762a1f8879f35107bd6e437e71a97ec938c7"
    integrity sha512-+gvNpmU91iJBjNrzvmhSSSf0B5bcWBYE1Eex8HrvnOrCMtzHPBKiy8MhFb2Li77AYwNErLiB4Mjfx97Me07+Pg==
  
  parse5@^5.1.1:
    version "5.1.1"
    resolved "https://registry.yarnpkg.com/parse5/-/parse5-5.1.1.tgz#f68e4e5ba1852ac2cadc00f4555fff6c2abb6178"
    integrity sha512-ugq4DFI0Ptb+WWjAdOK16+u/nHfiIrcE+sh8kZMaM0WllQKLI9rOUq6c2b7cwPkXdzfQESqvoqK6ug7U/Yyzug==
